[0.102s] DEBUG:colcon:Command line arguments: ['/usr/bin/colcon', 'build', '--packages-select', 'joystick_controller']
[0.102s] DEBUG:colcon:Parsed command line arguments: Namespace(log_base=None, log_level=None, verb_name='build', build_base='build', install_base='install', merge_install=False, symlink_install=False, test_result_base=None, continue_on_error=False, executor='parallel', parallel_workers=16, event_handlers=None, ignore_user_meta=False, metas=['./colcon.meta'], base_paths=['.'], packages_ignore=None, packages_ignore_regex=None, paths=None, packages_up_to=None, packages_up_to_regex=None, packages_above=None, packages_above_and_dependencies=None, packages_above_depth=None, packages_select_by_dep=None, packages_skip_by_dep=None, packages_skip_up_to=None, packages_select_build_failed=False, packages_skip_build_finished=False, packages_select_test_failures=False, packages_skip_test_passed=False, packages_select=['joystick_controller'], packages_skip=None, packages_select_regex=None, packages_skip_regex=None, packages_start=None, packages_end=None, allow_overriding=[], cmake_args=None, cmake_target=None, cmake_target_skip_unavailable=False, cmake_clean_cache=False, cmake_clean_first=False, cmake_force_configure=False, ament_cmake_args=None, catkin_cmake_args=None, catkin_skip_building_tests=False, verb_parser=<colcon_defaults.argument_parser.defaults.DefaultArgumentsDecorator object at 0x7255d850f4f0>, verb_extension=<colcon_core.verb.build.BuildVerb object at 0x7255d84c02b0>, main=<bound method BuildVerb.main of <colcon_core.verb.build.BuildVerb object at 0x7255d84c02b0>>)
[0.275s] Level 1:colcon.colcon_core.package_discovery:discover_packages(colcon_meta) check parameters
[0.275s] Level 1:colcon.colcon_core.package_discovery:discover_packages(recursive) check parameters
[0.275s] Level 1:colcon.colcon_core.package_discovery:discover_packages(ignore) check parameters
[0.275s] Level 1:colcon.colcon_core.package_discovery:discover_packages(path) check parameters
[0.275s] Level 1:colcon.colcon_core.package_discovery:discover_packages(colcon_meta) discover
[0.275s] Level 1:colcon.colcon_core.package_discovery:discover_packages(recursive) discover
[0.275s] INFO:colcon.colcon_core.package_discovery:Crawling recursively for packages in '/home/beable/BCRL/isaac_bcrl'
[0.275s] Level 1:colcon.colcon_core.package_identification:_identify(.) by extensions ['ignore', 'ignore_ament_install']
[0.276s] Level 1:colcon.colcon_core.package_identification:_identify(.) by extension 'ignore'
[0.276s] Level 1:colcon.colcon_core.package_identification:_identify(.) by extension 'ignore_ament_install'
[0.276s] Level 1:colcon.colcon_core.package_identification:_identify(.) by extensions ['colcon_pkg']
[0.276s] Level 1:colcon.colcon_core.package_identification:_identify(.) by extension 'colcon_pkg'
[0.276s] Level 1:colcon.colcon_core.package_identification:_identify(.) by extensions ['colcon_meta']
[0.276s] Level 1:colcon.colcon_core.package_identification:_identify(.) by extension 'colcon_meta'
[0.276s] Level 1:colcon.colcon_core.package_identification:_identify(.) by extensions ['ros']
[0.276s] Level 1:colcon.colcon_core.package_identification:_identify(.) by extension 'ros'
[0.286s] Level 1:colcon.colcon_core.package_identification:_identify(.) by extensions ['cmake', 'python']
[0.286s] Level 1:colcon.colcon_core.package_identification:_identify(.) by extension 'cmake'
[0.286s] Level 1:colcon.colcon_core.package_identification:_identify(.) by extension 'python'
[0.286s] Level 1:colcon.colcon_core.package_identification:_identify(.) by extensions ['python_setup_py']
[0.286s] Level 1:colcon.colcon_core.package_identification:_identify(.) by extension 'python_setup_py'
[0.286s] Level 1:colcon.colcon_core.package_identification:_identify(build) by extensions ['ignore', 'ignore_ament_install']
[0.286s] Level 1:colcon.colcon_core.package_identification:_identify(build) by extension 'ignore'
[0.286s] Level 1:colcon.colcon_core.package_identification:_identify(build) ignored
[0.286s] Level 1:colcon.colcon_core.package_identification:_identify(cyclonedds.xml) by extensions ['ignore', 'ignore_ament_install']
[0.286s] Level 1:colcon.colcon_core.package_identification:_identify(cyclonedds.xml) by extension 'ignore'
[0.287s] Level 1:colcon.colcon_core.package_identification:_identify(cyclonedds.xml) by extension 'ignore_ament_install'
[0.287s] Level 1:colcon.colcon_core.package_identification:_identify(cyclonedds.xml) by extensions ['colcon_pkg']
[0.287s] Level 1:colcon.colcon_core.package_identification:_identify(cyclonedds.xml) by extension 'colcon_pkg'
[0.287s] Level 1:colcon.colcon_core.package_identification:_identify(cyclonedds.xml) by extensions ['colcon_meta']
[0.287s] Level 1:colcon.colcon_core.package_identification:_identify(cyclonedds.xml) by extension 'colcon_meta'
[0.287s] Level 1:colcon.colcon_core.package_identification:_identify(cyclonedds.xml) by extensions ['ros']
[0.287s] Level 1:colcon.colcon_core.package_identification:_identify(cyclonedds.xml) by extension 'ros'
[0.287s] Level 1:colcon.colcon_core.package_identification:_identify(cyclonedds.xml) by extensions ['cmake', 'python']
[0.287s] Level 1:colcon.colcon_core.package_identification:_identify(cyclonedds.xml) by extension 'cmake'
[0.287s] Level 1:colcon.colcon_core.package_identification:_identify(cyclonedds.xml) by extension 'python'
[0.287s] Level 1:colcon.colcon_core.package_identification:_identify(cyclonedds.xml) by extensions ['python_setup_py']
[0.287s] Level 1:colcon.colcon_core.package_identification:_identify(cyclonedds.xml) by extension 'python_setup_py'
[0.287s] Level 1:colcon.colcon_core.package_identification:_identify(dockers) by extensions ['ignore', 'ignore_ament_install']
[0.287s] Level 1:colcon.colcon_core.package_identification:_identify(dockers) by extension 'ignore'
[0.287s] Level 1:colcon.colcon_core.package_identification:_identify(dockers) by extension 'ignore_ament_install'
[0.287s] Level 1:colcon.colcon_core.package_identification:_identify(dockers) by extensions ['colcon_pkg']
[0.287s] Level 1:colcon.colcon_core.package_identification:_identify(dockers) by extension 'colcon_pkg'
[0.287s] Level 1:colcon.colcon_core.package_identification:_identify(dockers) by extensions ['colcon_meta']
[0.287s] Level 1:colcon.colcon_core.package_identification:_identify(dockers) by extension 'colcon_meta'
[0.287s] Level 1:colcon.colcon_core.package_identification:_identify(dockers) by extensions ['ros']
[0.287s] Level 1:colcon.colcon_core.package_identification:_identify(dockers) by extension 'ros'
[0.287s] Level 1:colcon.colcon_core.package_identification:_identify(dockers) by extensions ['cmake', 'python']
[0.287s] Level 1:colcon.colcon_core.package_identification:_identify(dockers) by extension 'cmake'
[0.287s] Level 1:colcon.colcon_core.package_identification:_identify(dockers) by extension 'python'
[0.287s] Level 1:colcon.colcon_core.package_identification:_identify(dockers) by extensions ['python_setup_py']
[0.287s] Level 1:colcon.colcon_core.package_identification:_identify(dockers) by extension 'python_setup_py'
[0.288s] Level 1:colcon.colcon_core.package_identification:_identify(dockers/isaacsim450) by extensions ['ignore', 'ignore_ament_install']
[0.288s] Level 1:colcon.colcon_core.package_identification:_identify(dockers/isaacsim450) by extension 'ignore'
[0.288s] Level 1:colcon.colcon_core.package_identification:_identify(dockers/isaacsim450) by extension 'ignore_ament_install'
[0.288s] Level 1:colcon.colcon_core.package_identification:_identify(dockers/isaacsim450) by extensions ['colcon_pkg']
[0.288s] Level 1:colcon.colcon_core.package_identification:_identify(dockers/isaacsim450) by extension 'colcon_pkg'
[0.288s] Level 1:colcon.colcon_core.package_identification:_identify(dockers/isaacsim450) by extensions ['colcon_meta']
[0.288s] Level 1:colcon.colcon_core.package_identification:_identify(dockers/isaacsim450) by extension 'colcon_meta'
[0.288s] Level 1:colcon.colcon_core.package_identification:_identify(dockers/isaacsim450) by extensions ['ros']
[0.288s] Level 1:colcon.colcon_core.package_identification:_identify(dockers/isaacsim450) by extension 'ros'
[0.288s] Level 1:colcon.colcon_core.package_identification:_identify(dockers/isaacsim450) by extensions ['cmake', 'python']
[0.288s] Level 1:colcon.colcon_core.package_identification:_identify(dockers/isaacsim450) by extension 'cmake'
[0.288s] Level 1:colcon.colcon_core.package_identification:_identify(dockers/isaacsim450) by extension 'python'
[0.288s] Level 1:colcon.colcon_core.package_identification:_identify(dockers/isaacsim450) by extensions ['python_setup_py']
[0.288s] Level 1:colcon.colcon_core.package_identification:_identify(dockers/isaacsim450) by extension 'python_setup_py'
[0.288s] Level 1:colcon.colcon_core.package_identification:_identify(dockers/robostack) by extensions ['ignore', 'ignore_ament_install']
[0.288s] Level 1:colcon.colcon_core.package_identification:_identify(dockers/robostack) by extension 'ignore'
[0.288s] Level 1:colcon.colcon_core.package_identification:_identify(dockers/robostack) by extension 'ignore_ament_install'
[0.288s] Level 1:colcon.colcon_core.package_identification:_identify(dockers/robostack) by extensions ['colcon_pkg']
[0.288s] Level 1:colcon.colcon_core.package_identification:_identify(dockers/robostack) by extension 'colcon_pkg'
[0.288s] Level 1:colcon.colcon_core.package_identification:_identify(dockers/robostack) by extensions ['colcon_meta']
[0.288s] Level 1:colcon.colcon_core.package_identification:_identify(dockers/robostack) by extension 'colcon_meta'
[0.288s] Level 1:colcon.colcon_core.package_identification:_identify(dockers/robostack) by extensions ['ros']
[0.288s] Level 1:colcon.colcon_core.package_identification:_identify(dockers/robostack) by extension 'ros'
[0.288s] Level 1:colcon.colcon_core.package_identification:_identify(dockers/robostack) by extensions ['cmake', 'python']
[0.288s] Level 1:colcon.colcon_core.package_identification:_identify(dockers/robostack) by extension 'cmake'
[0.289s] Level 1:colcon.colcon_core.package_identification:_identify(dockers/robostack) by extension 'python'
[0.289s] Level 1:colcon.colcon_core.package_identification:_identify(dockers/robostack) by extensions ['python_setup_py']
[0.289s] Level 1:colcon.colcon_core.package_identification:_identify(dockers/robostack) by extension 'python_setup_py'
[0.289s] Level 1:colcon.colcon_core.package_identification:_identify(docs) by extensions ['ignore', 'ignore_ament_install']
[0.289s] Level 1:colcon.colcon_core.package_identification:_identify(docs) by extension 'ignore'
[0.289s] Level 1:colcon.colcon_core.package_identification:_identify(docs) by extension 'ignore_ament_install'
[0.289s] Level 1:colcon.colcon_core.package_identification:_identify(docs) by extensions ['colcon_pkg']
[0.289s] Level 1:colcon.colcon_core.package_identification:_identify(docs) by extension 'colcon_pkg'
[0.289s] Level 1:colcon.colcon_core.package_identification:_identify(docs) by extensions ['colcon_meta']
[0.289s] Level 1:colcon.colcon_core.package_identification:_identify(docs) by extension 'colcon_meta'
[0.289s] Level 1:colcon.colcon_core.package_identification:_identify(docs) by extensions ['ros']
[0.289s] Level 1:colcon.colcon_core.package_identification:_identify(docs) by extension 'ros'
[0.289s] Level 1:colcon.colcon_core.package_identification:_identify(docs) by extensions ['cmake', 'python']
[0.289s] Level 1:colcon.colcon_core.package_identification:_identify(docs) by extension 'cmake'
[0.289s] Level 1:colcon.colcon_core.package_identification:_identify(docs) by extension 'python'
[0.289s] Level 1:colcon.colcon_core.package_identification:_identify(docs) by extensions ['python_setup_py']
[0.289s] Level 1:colcon.colcon_core.package_identification:_identify(docs) by extension 'python_setup_py'
[0.289s] Level 1:colcon.colcon_core.package_identification:_identify(install) by extensions ['ignore', 'ignore_ament_install']
[0.289s] Level 1:colcon.colcon_core.package_identification:_identify(install) by extension 'ignore'
[0.289s] Level 1:colcon.colcon_core.package_identification:_identify(install) ignored
[0.289s] Level 1:colcon.colcon_core.package_identification:_identify(lerobot_curobot_sim) by extensions ['ignore', 'ignore_ament_install']
[0.289s] Level 1:colcon.colcon_core.package_identification:_identify(lerobot_curobot_sim) by extension 'ignore'
[0.290s] Level 1:colcon.colcon_core.package_identification:_identify(lerobot_curobot_sim) by extension 'ignore_ament_install'
[0.290s] Level 1:colcon.colcon_core.package_identification:_identify(lerobot_curobot_sim) by extensions ['colcon_pkg']
[0.290s] Level 1:colcon.colcon_core.package_identification:_identify(lerobot_curobot_sim) by extension 'colcon_pkg'
[0.290s] Level 1:colcon.colcon_core.package_identification:_identify(lerobot_curobot_sim) by extensions ['colcon_meta']
[0.290s] Level 1:colcon.colcon_core.package_identification:_identify(lerobot_curobot_sim) by extension 'colcon_meta'
[0.290s] Level 1:colcon.colcon_core.package_identification:_identify(lerobot_curobot_sim) by extensions ['ros']
[0.290s] Level 1:colcon.colcon_core.package_identification:_identify(lerobot_curobot_sim) by extension 'ros'
[0.290s] Level 1:colcon.colcon_core.package_identification:_identify(lerobot_curobot_sim) by extensions ['cmake', 'python']
[0.290s] Level 1:colcon.colcon_core.package_identification:_identify(lerobot_curobot_sim) by extension 'cmake'
[0.290s] Level 1:colcon.colcon_core.package_identification:_identify(lerobot_curobot_sim) by extension 'python'
[0.290s] Level 1:colcon.colcon_core.package_identification:_identify(lerobot_curobot_sim) by extensions ['python_setup_py']
[0.290s] Level 1:colcon.colcon_core.package_identification:_identify(lerobot_curobot_sim) by extension 'python_setup_py'
[0.290s] Level 1:colcon.colcon_core.package_identification:_identify(lerobot_curobot_sim/isaac_assets) by extensions ['ignore', 'ignore_ament_install']
[0.290s] Level 1:colcon.colcon_core.package_identification:_identify(lerobot_curobot_sim/isaac_assets) by extension 'ignore'
[0.290s] Level 1:colcon.colcon_core.package_identification:_identify(lerobot_curobot_sim/isaac_assets) by extension 'ignore_ament_install'
[0.290s] Level 1:colcon.colcon_core.package_identification:_identify(lerobot_curobot_sim/isaac_assets) by extensions ['colcon_pkg']
[0.290s] Level 1:colcon.colcon_core.package_identification:_identify(lerobot_curobot_sim/isaac_assets) by extension 'colcon_pkg'
[0.290s] Level 1:colcon.colcon_core.package_identification:_identify(lerobot_curobot_sim/isaac_assets) by extensions ['colcon_meta']
[0.290s] Level 1:colcon.colcon_core.package_identification:_identify(lerobot_curobot_sim/isaac_assets) by extension 'colcon_meta'
[0.290s] Level 1:colcon.colcon_core.package_identification:_identify(lerobot_curobot_sim/isaac_assets) by extensions ['ros']
[0.290s] Level 1:colcon.colcon_core.package_identification:_identify(lerobot_curobot_sim/isaac_assets) by extension 'ros'
[0.290s] Level 1:colcon.colcon_core.package_identification:_identify(lerobot_curobot_sim/isaac_assets) by extensions ['cmake', 'python']
[0.290s] Level 1:colcon.colcon_core.package_identification:_identify(lerobot_curobot_sim/isaac_assets) by extension 'cmake'
[0.290s] Level 1:colcon.colcon_core.package_identification:_identify(lerobot_curobot_sim/isaac_assets) by extension 'python'
[0.291s] Level 1:colcon.colcon_core.package_identification:_identify(lerobot_curobot_sim/isaac_assets) by extensions ['python_setup_py']
[0.291s] Level 1:colcon.colcon_core.package_identification:_identify(lerobot_curobot_sim/isaac_assets) by extension 'python_setup_py'
[0.291s] Level 1:colcon.colcon_core.package_identification:_identify(lerobot_curobot_sim/isaac_assets/SO_ARM100) by extensions ['ignore', 'ignore_ament_install']
[0.291s] Level 1:colcon.colcon_core.package_identification:_identify(lerobot_curobot_sim/isaac_assets/SO_ARM100) by extension 'ignore'
[0.291s] Level 1:colcon.colcon_core.package_identification:_identify(lerobot_curobot_sim/isaac_assets/SO_ARM100) by extension 'ignore_ament_install'
[0.291s] Level 1:colcon.colcon_core.package_identification:_identify(lerobot_curobot_sim/isaac_assets/SO_ARM100) by extensions ['colcon_pkg']
[0.291s] Level 1:colcon.colcon_core.package_identification:_identify(lerobot_curobot_sim/isaac_assets/SO_ARM100) by extension 'colcon_pkg'
[0.291s] Level 1:colcon.colcon_core.package_identification:_identify(lerobot_curobot_sim/isaac_assets/SO_ARM100) by extensions ['colcon_meta']
[0.291s] Level 1:colcon.colcon_core.package_identification:_identify(lerobot_curobot_sim/isaac_assets/SO_ARM100) by extension 'colcon_meta'
[0.291s] Level 1:colcon.colcon_core.package_identification:_identify(lerobot_curobot_sim/isaac_assets/SO_ARM100) by extensions ['ros']
[0.291s] Level 1:colcon.colcon_core.package_identification:_identify(lerobot_curobot_sim/isaac_assets/SO_ARM100) by extension 'ros'
[0.291s] Level 1:colcon.colcon_core.package_identification:_identify(lerobot_curobot_sim/isaac_assets/SO_ARM100) by extensions ['cmake', 'python']
[0.291s] Level 1:colcon.colcon_core.package_identification:_identify(lerobot_curobot_sim/isaac_assets/SO_ARM100) by extension 'cmake'
[0.291s] Level 1:colcon.colcon_core.package_identification:_identify(lerobot_curobot_sim/isaac_assets/SO_ARM100) by extension 'python'
[0.291s] Level 1:colcon.colcon_core.package_identification:_identify(lerobot_curobot_sim/isaac_assets/SO_ARM100) by extensions ['python_setup_py']
[0.291s] Level 1:colcon.colcon_core.package_identification:_identify(lerobot_curobot_sim/isaac_assets/SO_ARM100) by extension 'python_setup_py'
[0.291s] Level 1:colcon.colcon_core.package_identification:_identify(lerobot_curobot_sim/isaac_assets/SO_ARM100/meshes) by extensions ['ignore', 'ignore_ament_install']
[0.291s] Level 1:colcon.colcon_core.package_identification:_identify(lerobot_curobot_sim/isaac_assets/SO_ARM100/meshes) by extension 'ignore'
[0.291s] Level 1:colcon.colcon_core.package_identification:_identify(lerobot_curobot_sim/isaac_assets/SO_ARM100/meshes) by extension 'ignore_ament_install'
[0.291s] Level 1:colcon.colcon_core.package_identification:_identify(lerobot_curobot_sim/isaac_assets/SO_ARM100/meshes) by extensions ['colcon_pkg']
[0.291s] Level 1:colcon.colcon_core.package_identification:_identify(lerobot_curobot_sim/isaac_assets/SO_ARM100/meshes) by extension 'colcon_pkg'
[0.291s] Level 1:colcon.colcon_core.package_identification:_identify(lerobot_curobot_sim/isaac_assets/SO_ARM100/meshes) by extensions ['colcon_meta']
[0.292s] Level 1:colcon.colcon_core.package_identification:_identify(lerobot_curobot_sim/isaac_assets/SO_ARM100/meshes) by extension 'colcon_meta'
[0.292s] Level 1:colcon.colcon_core.package_identification:_identify(lerobot_curobot_sim/isaac_assets/SO_ARM100/meshes) by extensions ['ros']
[0.292s] Level 1:colcon.colcon_core.package_identification:_identify(lerobot_curobot_sim/isaac_assets/SO_ARM100/meshes) by extension 'ros'
[0.292s] Level 1:colcon.colcon_core.package_identification:_identify(lerobot_curobot_sim/isaac_assets/SO_ARM100/meshes) by extensions ['cmake', 'python']
[0.292s] Level 1:colcon.colcon_core.package_identification:_identify(lerobot_curobot_sim/isaac_assets/SO_ARM100/meshes) by extension 'cmake'
[0.292s] Level 1:colcon.colcon_core.package_identification:_identify(lerobot_curobot_sim/isaac_assets/SO_ARM100/meshes) by extension 'python'
[0.292s] Level 1:colcon.colcon_core.package_identification:_identify(lerobot_curobot_sim/isaac_assets/SO_ARM100/meshes) by extensions ['python_setup_py']
[0.292s] Level 1:colcon.colcon_core.package_identification:_identify(lerobot_curobot_sim/isaac_assets/SO_ARM100/meshes) by extension 'python_setup_py'
[0.292s] Level 1:colcon.colcon_core.package_identification:_identify(lerobot_curobot_sim/launch_curobo.sh) by extensions ['ignore', 'ignore_ament_install']
[0.292s] Level 1:colcon.colcon_core.package_identification:_identify(lerobot_curobot_sim/launch_curobo.sh) by extension 'ignore'
[0.292s] Level 1:colcon.colcon_core.package_identification:_identify(lerobot_curobot_sim/launch_curobo.sh) by extension 'ignore_ament_install'
[0.292s] Level 1:colcon.colcon_core.package_identification:_identify(lerobot_curobot_sim/launch_curobo.sh) by extensions ['colcon_pkg']
[0.292s] Level 1:colcon.colcon_core.package_identification:_identify(lerobot_curobot_sim/launch_curobo.sh) by extension 'colcon_pkg'
[0.292s] Level 1:colcon.colcon_core.package_identification:_identify(lerobot_curobot_sim/launch_curobo.sh) by extensions ['colcon_meta']
[0.292s] Level 1:colcon.colcon_core.package_identification:_identify(lerobot_curobot_sim/launch_curobo.sh) by extension 'colcon_meta'
[0.292s] Level 1:colcon.colcon_core.package_identification:_identify(lerobot_curobot_sim/launch_curobo.sh) by extensions ['ros']
[0.292s] Level 1:colcon.colcon_core.package_identification:_identify(lerobot_curobot_sim/launch_curobo.sh) by extension 'ros'
[0.292s] Level 1:colcon.colcon_core.package_identification:_identify(lerobot_curobot_sim/launch_curobo.sh) by extensions ['cmake', 'python']
[0.292s] Level 1:colcon.colcon_core.package_identification:_identify(lerobot_curobot_sim/launch_curobo.sh) by extension 'cmake'
[0.292s] Level 1:colcon.colcon_core.package_identification:_identify(lerobot_curobot_sim/launch_curobo.sh) by extension 'python'
[0.292s] Level 1:colcon.colcon_core.package_identification:_identify(lerobot_curobot_sim/launch_curobo.sh) by extensions ['python_setup_py']
[0.292s] Level 1:colcon.colcon_core.package_identification:_identify(lerobot_curobot_sim/launch_curobo.sh) by extension 'python_setup_py'
[0.292s] Level 1:colcon.colcon_core.package_identification:_identify(lerobot_curobot_sim/src) by extensions ['ignore', 'ignore_ament_install']
[0.292s] Level 1:colcon.colcon_core.package_identification:_identify(lerobot_curobot_sim/src) by extension 'ignore'
[0.292s] Level 1:colcon.colcon_core.package_identification:_identify(lerobot_curobot_sim/src) by extension 'ignore_ament_install'
[0.292s] Level 1:colcon.colcon_core.package_identification:_identify(lerobot_curobot_sim/src) by extensions ['colcon_pkg']
[0.293s] Level 1:colcon.colcon_core.package_identification:_identify(lerobot_curobot_sim/src) by extension 'colcon_pkg'
[0.293s] Level 1:colcon.colcon_core.package_identification:_identify(lerobot_curobot_sim/src) by extensions ['colcon_meta']
[0.293s] Level 1:colcon.colcon_core.package_identification:_identify(lerobot_curobot_sim/src) by extension 'colcon_meta'
[0.293s] Level 1:colcon.colcon_core.package_identification:_identify(lerobot_curobot_sim/src) by extensions ['ros']
[0.293s] Level 1:colcon.colcon_core.package_identification:_identify(lerobot_curobot_sim/src) by extension 'ros'
[0.293s] Level 1:colcon.colcon_core.package_identification:_identify(lerobot_curobot_sim/src) by extensions ['cmake', 'python']
[0.293s] Level 1:colcon.colcon_core.package_identification:_identify(lerobot_curobot_sim/src) by extension 'cmake'
[0.293s] Level 1:colcon.colcon_core.package_identification:_identify(lerobot_curobot_sim/src) by extension 'python'
[0.293s] Level 1:colcon.colcon_core.package_identification:_identify(lerobot_curobot_sim/src) by extensions ['python_setup_py']
[0.293s] Level 1:colcon.colcon_core.package_identification:_identify(lerobot_curobot_sim/src) by extension 'python_setup_py'
[0.293s] Level 1:colcon.colcon_core.package_identification:_identify(lerobot_curobot_sim/src/curobo_planning_server) by extensions ['ignore', 'ignore_ament_install']
[0.293s] Level 1:colcon.colcon_core.package_identification:_identify(lerobot_curobot_sim/src/curobo_planning_server) by extension 'ignore'
[0.293s] Level 1:colcon.colcon_core.package_identification:_identify(lerobot_curobot_sim/src/curobo_planning_server) by extension 'ignore_ament_install'
[0.293s] Level 1:colcon.colcon_core.package_identification:_identify(lerobot_curobot_sim/src/curobo_planning_server) by extensions ['colcon_pkg']
[0.293s] Level 1:colcon.colcon_core.package_identification:_identify(lerobot_curobot_sim/src/curobo_planning_server) by extension 'colcon_pkg'
[0.293s] Level 1:colcon.colcon_core.package_identification:_identify(lerobot_curobot_sim/src/curobo_planning_server) by extensions ['colcon_meta']
[0.293s] Level 1:colcon.colcon_core.package_identification:_identify(lerobot_curobot_sim/src/curobo_planning_server) by extension 'colcon_meta'
[0.293s] Level 1:colcon.colcon_core.package_identification:_identify(lerobot_curobot_sim/src/curobo_planning_server) by extensions ['ros']
[0.293s] Level 1:colcon.colcon_core.package_identification:_identify(lerobot_curobot_sim/src/curobo_planning_server) by extension 'ros'
[0.293s] Level 1:colcon.colcon_core.package_identification:_identify(lerobot_curobot_sim/src/curobo_planning_server) by extensions ['cmake', 'python']
[0.293s] Level 1:colcon.colcon_core.package_identification:_identify(lerobot_curobot_sim/src/curobo_planning_server) by extension 'cmake'
[0.293s] Level 1:colcon.colcon_core.package_identification:_identify(lerobot_curobot_sim/src/curobo_planning_server) by extension 'python'
[0.293s] Level 1:colcon.colcon_core.package_identification:_identify(lerobot_curobot_sim/src/curobo_planning_server) by extensions ['python_setup_py']
[0.293s] Level 1:colcon.colcon_core.package_identification:_identify(lerobot_curobot_sim/src/curobo_planning_server) by extension 'python_setup_py'
[0.293s] Level 1:colcon.colcon_core.package_identification:_identify(lerobot_curobot_sim/src/joystick_controller) by extensions ['ignore', 'ignore_ament_install']
[0.293s] Level 1:colcon.colcon_core.package_identification:_identify(lerobot_curobot_sim/src/joystick_controller) by extension 'ignore'
[0.294s] Level 1:colcon.colcon_core.package_identification:_identify(lerobot_curobot_sim/src/joystick_controller) by extension 'ignore_ament_install'
[0.294s] Level 1:colcon.colcon_core.package_identification:_identify(lerobot_curobot_sim/src/joystick_controller) by extensions ['colcon_pkg']
[0.294s] Level 1:colcon.colcon_core.package_identification:_identify(lerobot_curobot_sim/src/joystick_controller) by extension 'colcon_pkg'
[0.294s] Level 1:colcon.colcon_core.package_identification:_identify(lerobot_curobot_sim/src/joystick_controller) by extensions ['colcon_meta']
[0.294s] Level 1:colcon.colcon_core.package_identification:_identify(lerobot_curobot_sim/src/joystick_controller) by extension 'colcon_meta'
[0.294s] Level 1:colcon.colcon_core.package_identification:_identify(lerobot_curobot_sim/src/joystick_controller) by extensions ['ros']
[0.294s] Level 1:colcon.colcon_core.package_identification:_identify(lerobot_curobot_sim/src/joystick_controller) by extension 'ros'
[0.296s] DEBUG:colcon.colcon_core.package_identification:Found ROS schema reference in package manifest in 'lerobot_curobot_sim/src/joystick_controller'
[0.296s] WARNING:colcon.colcon_core.package_identification:Failed to parse ROS package manifest in 'lerobot_curobot_sim/src/joystick_controller': Error(s) in package 'lerobot_curobot_sim/src/joystick_controller/package.xml':
Error(s):
- The manifest of package "joystick_controller" (with format version 3) must not contain the following tags: build_type
[0.296s] Level 1:colcon.colcon_core.package_identification:_identify(lerobot_curobot_sim/src/joystick_controller) by extensions ['cmake', 'python']
[0.296s] Level 1:colcon.colcon_core.package_identification:_identify(lerobot_curobot_sim/src/joystick_controller) by extension 'cmake'
[0.296s] Level 1:colcon.colcon_core.package_identification:_identify(lerobot_curobot_sim/src/joystick_controller) by extension 'python'
[0.296s] Level 1:colcon.colcon_core.package_identification:_identify(lerobot_curobot_sim/src/joystick_controller) by extensions ['python_setup_py']
[0.296s] Level 1:colcon.colcon_core.package_identification:_identify(lerobot_curobot_sim/src/joystick_controller) by extension 'python_setup_py'
[0.553s] DEBUG:colcon.colcon_core.package_identification:Package 'lerobot_curobot_sim/src/joystick_controller' with type 'python' and name 'joystick_controller'
[0.553s] Level 1:colcon.colcon_core.package_identification:_identify(lerobot_curobot_sim/src/lerobot_curobo_interfaces) by extensions ['ignore', 'ignore_ament_install']
[0.553s] Level 1:colcon.colcon_core.package_identification:_identify(lerobot_curobot_sim/src/lerobot_curobo_interfaces) by extension 'ignore'
[0.553s] Level 1:colcon.colcon_core.package_identification:_identify(lerobot_curobot_sim/src/lerobot_curobo_interfaces) by extension 'ignore_ament_install'
[0.553s] Level 1:colcon.colcon_core.package_identification:_identify(lerobot_curobot_sim/src/lerobot_curobo_interfaces) by extensions ['colcon_pkg']
[0.554s] Level 1:colcon.colcon_core.package_identification:_identify(lerobot_curobot_sim/src/lerobot_curobo_interfaces) by extension 'colcon_pkg'
[0.554s] Level 1:colcon.colcon_core.package_identification:_identify(lerobot_curobot_sim/src/lerobot_curobo_interfaces) by extensions ['colcon_meta']
[0.554s] Level 1:colcon.colcon_core.package_identification:_identify(lerobot_curobot_sim/src/lerobot_curobo_interfaces) by extension 'colcon_meta'
[0.554s] Level 1:colcon.colcon_core.package_identification:_identify(lerobot_curobot_sim/src/lerobot_curobo_interfaces) by extensions ['ros']
[0.554s] Level 1:colcon.colcon_core.package_identification:_identify(lerobot_curobot_sim/src/lerobot_curobo_interfaces) by extension 'ros'
[0.554s] Level 1:colcon.colcon_core.package_identification:_identify(lerobot_curobot_sim/src/lerobot_curobo_interfaces) by extensions ['cmake', 'python']
[0.554s] Level 1:colcon.colcon_core.package_identification:_identify(lerobot_curobot_sim/src/lerobot_curobo_interfaces) by extension 'cmake'
[0.554s] Level 1:colcon.colcon_core.package_identification:_identify(lerobot_curobot_sim/src/lerobot_curobo_interfaces) by extension 'python'
[0.554s] Level 1:colcon.colcon_core.package_identification:_identify(lerobot_curobot_sim/src/lerobot_curobo_interfaces) by extensions ['python_setup_py']
[0.554s] Level 1:colcon.colcon_core.package_identification:_identify(lerobot_curobot_sim/src/lerobot_curobo_interfaces) by extension 'python_setup_py'
[0.554s] Level 1:colcon.colcon_core.package_identification:_identify(lerobot_curobot_sim/src/lerobot_description) by extensions ['ignore', 'ignore_ament_install']
[0.554s] Level 1:colcon.colcon_core.package_identification:_identify(lerobot_curobot_sim/src/lerobot_description) by extension 'ignore'
[0.554s] Level 1:colcon.colcon_core.package_identification:_identify(lerobot_curobot_sim/src/lerobot_description) by extension 'ignore_ament_install'
[0.554s] Level 1:colcon.colcon_core.package_identification:_identify(lerobot_curobot_sim/src/lerobot_description) by extensions ['colcon_pkg']
[0.554s] Level 1:colcon.colcon_core.package_identification:_identify(lerobot_curobot_sim/src/lerobot_description) by extension 'colcon_pkg'
[0.554s] Level 1:colcon.colcon_core.package_identification:_identify(lerobot_curobot_sim/src/lerobot_description) by extensions ['colcon_meta']
[0.554s] Level 1:colcon.colcon_core.package_identification:_identify(lerobot_curobot_sim/src/lerobot_description) by extension 'colcon_meta'
[0.554s] Level 1:colcon.colcon_core.package_identification:_identify(lerobot_curobot_sim/src/lerobot_description) by extensions ['ros']
[0.554s] Level 1:colcon.colcon_core.package_identification:_identify(lerobot_curobot_sim/src/lerobot_description) by extension 'ros'
[0.556s] DEBUG:colcon.colcon_core.package_identification:Package 'lerobot_curobot_sim/src/lerobot_description' with type 'ros.ament_cmake' and name 'lerobot_description'
[0.556s] Level 1:colcon.colcon_core.package_identification:_identify(log) by extensions ['ignore', 'ignore_ament_install']
[0.556s] Level 1:colcon.colcon_core.package_identification:_identify(log) by extension 'ignore'
[0.556s] Level 1:colcon.colcon_core.package_identification:_identify(log) ignored
[0.556s] Level 1:colcon.colcon_core.package_identification:_identify(scripts) by extensions ['ignore', 'ignore_ament_install']
[0.556s] Level 1:colcon.colcon_core.package_identification:_identify(scripts) by extension 'ignore'
[0.556s] Level 1:colcon.colcon_core.package_identification:_identify(scripts) by extension 'ignore_ament_install'
[0.556s] Level 1:colcon.colcon_core.package_identification:_identify(scripts) by extensions ['colcon_pkg']
[0.556s] Level 1:colcon.colcon_core.package_identification:_identify(scripts) by extension 'colcon_pkg'
[0.556s] Level 1:colcon.colcon_core.package_identification:_identify(scripts) by extensions ['colcon_meta']
[0.556s] Level 1:colcon.colcon_core.package_identification:_identify(scripts) by extension 'colcon_meta'
[0.556s] Level 1:colcon.colcon_core.package_identification:_identify(scripts) by extensions ['ros']
[0.556s] Level 1:colcon.colcon_core.package_identification:_identify(scripts) by extension 'ros'
[0.556s] Level 1:colcon.colcon_core.package_identification:_identify(scripts) by extensions ['cmake', 'python']
[0.556s] Level 1:colcon.colcon_core.package_identification:_identify(scripts) by extension 'cmake'
[0.556s] Level 1:colcon.colcon_core.package_identification:_identify(scripts) by extension 'python'
[0.556s] Level 1:colcon.colcon_core.package_identification:_identify(scripts) by extensions ['python_setup_py']
[0.556s] Level 1:colcon.colcon_core.package_identification:_identify(scripts) by extension 'python_setup_py'
[0.556s] Level 1:colcon.colcon_core.package_discovery:discover_packages(recursive) using defaults
[0.557s] Level 1:colcon.colcon_core.package_discovery:discover_packages(ignore) discover
[0.557s] Level 1:colcon.colcon_core.package_discovery:discover_packages(ignore) using defaults
[0.557s] Level 1:colcon.colcon_core.package_discovery:discover_packages(path) discover
[0.557s] Level 1:colcon.colcon_core.package_discovery:discover_packages(path) using defaults
[0.585s] INFO:colcon.colcon_core.package_selection:Skipping not selected package 'lerobot_description' in 'lerobot_curobot_sim/src/lerobot_description'
[0.585s] Level 1:colcon.colcon_core.package_discovery:discover_packages(prefix_path) check parameters
[0.585s] Level 1:colcon.colcon_core.package_discovery:discover_packages(prefix_path) discover
[0.587s] DEBUG:colcon.colcon_installed_package_information.package_discovery:Found 1 installed packages in /home/beable/BCRL/isaac_bcrl/install
[0.588s] DEBUG:colcon.colcon_installed_package_information.package_discovery:Found 272 installed packages in /opt/ros/humble
[0.589s] Level 1:colcon.colcon_core.package_discovery:discover_packages(prefix_path) using defaults
[0.621s] Level 5:colcon.colcon_core.verb:set package 'joystick_controller' build argument 'cmake_args' from command line to 'None'
[0.622s] Level 5:colcon.colcon_core.verb:set package 'joystick_controller' build argument 'cmake_target' from command line to 'None'
[0.622s] Level 5:colcon.colcon_core.verb:set package 'joystick_controller' build argument 'cmake_target_skip_unavailable' from command line to 'False'
[0.622s] Level 5:colcon.colcon_core.verb:set package 'joystick_controller' build argument 'cmake_clean_cache' from command line to 'False'
[0.622s] Level 5:colcon.colcon_core.verb:set package 'joystick_controller' build argument 'cmake_clean_first' from command line to 'False'
[0.622s] Level 5:colcon.colcon_core.verb:set package 'joystick_controller' build argument 'cmake_force_configure' from command line to 'False'
[0.622s] Level 5:colcon.colcon_core.verb:set package 'joystick_controller' build argument 'ament_cmake_args' from command line to 'None'
[0.622s] Level 5:colcon.colcon_core.verb:set package 'joystick_controller' build argument 'catkin_cmake_args' from command line to 'None'
[0.622s] Level 5:colcon.colcon_core.verb:set package 'joystick_controller' build argument 'catkin_skip_building_tests' from command line to 'False'
[0.622s] DEBUG:colcon.colcon_core.verb:Building package 'joystick_controller' with the following arguments: {'ament_cmake_args': None, 'build_base': '/home/beable/BCRL/isaac_bcrl/build/joystick_controller', 'catkin_cmake_args': None, 'catkin_skip_building_tests': False, 'cmake_args': None, 'cmake_clean_cache': False, 'cmake_clean_first': False, 'cmake_force_configure': False, 'cmake_target': None, 'cmake_target_skip_unavailable': False, 'install_base': '/home/beable/BCRL/isaac_bcrl/install/joystick_controller', 'merge_install': False, 'path': '/home/beable/BCRL/isaac_bcrl/lerobot_curobot_sim/src/joystick_controller', 'symlink_install': False, 'test_result_base': None}
[0.622s] INFO:colcon.colcon_core.executor:Executing jobs using 'parallel' executor
[0.623s] DEBUG:colcon.colcon_parallel_executor.executor.parallel:run_until_complete
[0.623s] INFO:colcon.colcon_core.task.python.build:Building Python package in '/home/beable/BCRL/isaac_bcrl/lerobot_curobot_sim/src/joystick_controller'
[0.625s] INFO:colcon.colcon_core.plugin_system:Skipping extension 'colcon_core.shell.bat': Not used on non-Windows systems
[0.625s] INFO:colcon.colcon_core.shell:Skip shell extension 'powershell' for command environment: Not usable outside of PowerShell
[0.625s] DEBUG:colcon.colcon_core.shell:Skip shell extension 'dsv' for command environment
[1.240s] DEBUG:colcon.colcon_core.event_handler.log_command:Invoking command in '/home/beable/BCRL/isaac_bcrl/lerobot_curobot_sim/src/joystick_controller': PYTHONPATH=/home/beable/BCRL/isaac_bcrl/build/joystick_controller/prefix_override:/usr/lib/python3/dist-packages/colcon_core/task/python/colcon_distutils_commands:/home/beable/BCRL/isaac_bcrl/install/joystick_controller/lib/python3.10/site-packages:${PYTHONPATH} /usr/bin/python3 -W ignore:setup.py install is deprecated -W ignore:easy_install command is deprecated setup.py egg_info --egg-base ../../../build/joystick_controller build --build-base /home/beable/BCRL/isaac_bcrl/build/joystick_controller/build install --record /home/beable/BCRL/isaac_bcrl/build/joystick_controller/install.log --single-version-externally-managed install_data
[1.507s] DEBUG:colcon.colcon_core.event_handler.log_command:Invoked command in '/home/beable/BCRL/isaac_bcrl/lerobot_curobot_sim/src/joystick_controller' returned '1': PYTHONPATH=/home/beable/BCRL/isaac_bcrl/build/joystick_controller/prefix_override:/usr/lib/python3/dist-packages/colcon_core/task/python/colcon_distutils_commands:/home/beable/BCRL/isaac_bcrl/install/joystick_controller/lib/python3.10/site-packages:${PYTHONPATH} /usr/bin/python3 -W ignore:setup.py install is deprecated -W ignore:easy_install command is deprecated setup.py egg_info --egg-base ../../../build/joystick_controller build --build-base /home/beable/BCRL/isaac_bcrl/build/joystick_controller/build install --record /home/beable/BCRL/isaac_bcrl/build/joystick_controller/install.log --single-version-externally-managed install_data
[1.517s] DEBUG:colcon.colcon_parallel_executor.executor.parallel:closing loop
[1.517s] DEBUG:colcon.colcon_parallel_executor.executor.parallel:loop closed
[1.517s] DEBUG:colcon.colcon_parallel_executor.executor.parallel:run_until_complete finished with '1'
[1.517s] DEBUG:colcon.colcon_core.event_reactor:joining thread
[1.522s] INFO:colcon.colcon_core.plugin_system:Skipping extension 'colcon_notification.desktop_notification.terminal_notifier': Not used on non-Darwin systems
[1.522s] INFO:colcon.colcon_core.plugin_system:Skipping extension 'colcon_notification.desktop_notification.win32': Not used on non-Windows systems
[1.522s] INFO:colcon.colcon_notification.desktop_notification:Sending desktop notification using 'notify2'
[1.535s] DEBUG:colcon.colcon_core.event_reactor:joined thread
[1.536s] INFO:colcon.colcon_core.shell:Creating prefix script '/home/beable/BCRL/isaac_bcrl/install/local_setup.ps1'
[1.537s] INFO:colcon.colcon_core.shell:Creating prefix util module '/home/beable/BCRL/isaac_bcrl/install/_local_setup_util_ps1.py'
[1.539s] INFO:colcon.colcon_core.shell:Creating prefix chain script '/home/beable/BCRL/isaac_bcrl/install/setup.ps1'
[1.540s] INFO:colcon.colcon_core.shell:Creating prefix script '/home/beable/BCRL/isaac_bcrl/install/local_setup.sh'
[1.541s] INFO:colcon.colcon_core.shell:Creating prefix util module '/home/beable/BCRL/isaac_bcrl/install/_local_setup_util_sh.py'
[1.541s] INFO:colcon.colcon_core.shell:Creating prefix chain script '/home/beable/BCRL/isaac_bcrl/install/setup.sh'
[1.542s] INFO:colcon.colcon_core.shell:Creating prefix script '/home/beable/BCRL/isaac_bcrl/install/local_setup.bash'
[1.543s] INFO:colcon.colcon_core.shell:Creating prefix chain script '/home/beable/BCRL/isaac_bcrl/install/setup.bash'
[1.544s] INFO:colcon.colcon_core.shell:Creating prefix script '/home/beable/BCRL/isaac_bcrl/install/local_setup.zsh'
[1.544s] INFO:colcon.colcon_core.shell:Creating prefix chain script '/home/beable/BCRL/isaac_bcrl/install/setup.zsh'
