[0.627s] Invoking command in '/home/beable/BCRL/isaac_bcrl/build/joystick_controller': PYTHONPATH=/home/beable/BCRL/isaac_bcrl/build/joystick_controller/prefix_override:/usr/lib/python3/dist-packages/colcon_core/task/python/colcon_distutils_commands:/home/beable/BCRL/isaac_bcrl/install/joystick_controller/lib/python3.10/site-packages:${PYTHONPATH} /usr/bin/python3 -W ignore:setup.py install is deprecated -W ignore:easy_install command is deprecated setup.py develop --uninstall --editable --build-directory /home/beable/BCRL/isaac_bcrl/build/joystick_controller/build
[0.880s] running develop
[1.059s] Removing /home/beable/BCRL/isaac_bcrl/install/joystick_controller/lib/python3.10/site-packages/joystick-controller.egg-link (link to .)
[1.093s] Invoked command in '/home/beable/BCRL/isaac_bcrl/build/joystick_controller' returned '0': PYTHONPATH=/home/beable/BCRL/isaac_bcrl/build/joystick_controller/prefix_override:/usr/lib/python3/dist-packages/colcon_core/task/python/colcon_distutils_commands:/home/beable/BCRL/isaac_bcrl/install/joystick_controller/lib/python3.10/site-packages:${PYTHONPATH} /usr/bin/python3 -W ignore:setup.py install is deprecated -W ignore:easy_install command is deprecated setup.py develop --uninstall --editable --build-directory /home/beable/BCRL/isaac_bcrl/build/joystick_controller/build
[1.094s] Invoking command in '/home/beable/BCRL/isaac_bcrl/lerobot_curobot_sim/src/joystick_controller': PYTHONPATH=/home/beable/BCRL/isaac_bcrl/build/joystick_controller/prefix_override:/usr/lib/python3/dist-packages/colcon_core/task/python/colcon_distutils_commands:/home/beable/BCRL/isaac_bcrl/install/joystick_controller/lib/python3.10/site-packages:${PYTHONPATH} /usr/bin/python3 -W ignore:setup.py install is deprecated -W ignore:easy_install command is deprecated setup.py egg_info --egg-base ../../../build/joystick_controller build --build-base /home/beable/BCRL/isaac_bcrl/build/joystick_controller/build install --record /home/beable/BCRL/isaac_bcrl/build/joystick_controller/install.log --single-version-externally-managed install_data --force
[1.335s] running egg_info
[1.336s] writing ../../../build/joystick_controller/joystick_controller.egg-info/PKG-INFO
[1.336s] writing dependency_links to ../../../build/joystick_controller/joystick_controller.egg-info/dependency_links.txt
[1.336s] writing entry points to ../../../build/joystick_controller/joystick_controller.egg-info/entry_points.txt
[1.336s] writing requirements to ../../../build/joystick_controller/joystick_controller.egg-info/requires.txt
[1.336s] writing top-level names to ../../../build/joystick_controller/joystick_controller.egg-info/top_level.txt
[1.338s] reading manifest file '../../../build/joystick_controller/joystick_controller.egg-info/SOURCES.txt'
[1.339s] writing manifest file '../../../build/joystick_controller/joystick_controller.egg-info/SOURCES.txt'
[1.339s] running build
[1.339s] running build_py
[1.339s] copying joystick_controller/keyboard_joystick.py -> /home/beable/BCRL/isaac_bcrl/build/joystick_controller/build/lib/joystick_controller
[1.339s] running install
[1.340s] running install_lib
[1.341s] creating /home/beable/BCRL/isaac_bcrl/install/joystick_controller/lib/python3.10/site-packages/joystick_controller
[1.341s] copying /home/beable/BCRL/isaac_bcrl/build/joystick_controller/build/lib/joystick_controller/keyboard_joystick.py -> /home/beable/BCRL/isaac_bcrl/install/joystick_controller/lib/python3.10/site-packages/joystick_controller
[1.341s] copying /home/beable/BCRL/isaac_bcrl/build/joystick_controller/build/lib/joystick_controller/joystick_controller.py -> /home/beable/BCRL/isaac_bcrl/install/joystick_controller/lib/python3.10/site-packages/joystick_controller
[1.341s] copying /home/beable/BCRL/isaac_bcrl/build/joystick_controller/build/lib/joystick_controller/__init__.py -> /home/beable/BCRL/isaac_bcrl/install/joystick_controller/lib/python3.10/site-packages/joystick_controller
[1.341s] byte-compiling /home/beable/BCRL/isaac_bcrl/install/joystick_controller/lib/python3.10/site-packages/joystick_controller/keyboard_joystick.py to keyboard_joystick.cpython-310.pyc
[1.342s] byte-compiling /home/beable/BCRL/isaac_bcrl/install/joystick_controller/lib/python3.10/site-packages/joystick_controller/joystick_controller.py to joystick_controller.cpython-310.pyc
[1.343s] byte-compiling /home/beable/BCRL/isaac_bcrl/install/joystick_controller/lib/python3.10/site-packages/joystick_controller/__init__.py to __init__.cpython-310.pyc
[1.343s] running install_data
[1.343s] copying resource/joystick_controller -> /home/beable/BCRL/isaac_bcrl/install/joystick_controller/share/ament_index/resource_index/packages
[1.344s] copying package.xml -> /home/beable/BCRL/isaac_bcrl/install/joystick_controller/share/joystick_controller
[1.344s] copying launch/direct_joy_control.launch.py -> /home/beable/BCRL/isaac_bcrl/install/joystick_controller/share/joystick_controller/launch
[1.344s] copying launch/controller_joy_control.launch.py -> /home/beable/BCRL/isaac_bcrl/install/joystick_controller/share/joystick_controller/launch
[1.344s] copying launch/joystick_controller.launch.py -> /home/beable/BCRL/isaac_bcrl/install/joystick_controller/share/joystick_controller/launch
[1.344s] copying launch/keyboard_joy.launch.py -> /home/beable/BCRL/isaac_bcrl/install/joystick_controller/share/joystick_controller/launch
[1.344s] running install_egg_info
[1.346s] Copying ../../../build/joystick_controller/joystick_controller.egg-info to /home/beable/BCRL/isaac_bcrl/install/joystick_controller/lib/python3.10/site-packages/joystick_controller-0.0.1-py3.10.egg-info
[1.346s] running install_scripts
[1.365s] Installing joystick_controller_node script to /home/beable/BCRL/isaac_bcrl/install/joystick_controller/bin
[1.365s] Installing keyboard_joystick script to /home/beable/BCRL/isaac_bcrl/install/joystick_controller/bin
[1.365s] writing list of installed files to '/home/beable/BCRL/isaac_bcrl/build/joystick_controller/install.log'
[1.394s] Invoked command in '/home/beable/BCRL/isaac_bcrl/lerobot_curobot_sim/src/joystick_controller' returned '0': PYTHONPATH=/home/beable/BCRL/isaac_bcrl/build/joystick_controller/prefix_override:/usr/lib/python3/dist-packages/colcon_core/task/python/colcon_distutils_commands:/home/beable/BCRL/isaac_bcrl/install/joystick_controller/lib/python3.10/site-packages:${PYTHONPATH} /usr/bin/python3 -W ignore:setup.py install is deprecated -W ignore:easy_install command is deprecated setup.py egg_info --egg-base ../../../build/joystick_controller build --build-base /home/beable/BCRL/isaac_bcrl/build/joystick_controller/build install --record /home/beable/BCRL/isaac_bcrl/build/joystick_controller/install.log --single-version-externally-managed install_data --force
