running egg_info
creating ../../../build/joystick_controller/joystick_controller.egg-info
writing ../../../build/joystick_controller/joystick_controller.egg-info/PKG-INFO
writing dependency_links to ../../../build/joystick_controller/joystick_controller.egg-info/dependency_links.txt
writing entry points to ../../../build/joystick_controller/joystick_controller.egg-info/entry_points.txt
writing requirements to ../../../build/joystick_controller/joystick_controller.egg-info/requires.txt
writing top-level names to ../../../build/joystick_controller/joystick_controller.egg-info/top_level.txt
writing manifest file '../../../build/joystick_controller/joystick_controller.egg-info/SOURCES.txt'
reading manifest file '../../../build/joystick_controller/joystick_controller.egg-info/SOURCES.txt'
writing manifest file '../../../build/joystick_controller/joystick_controller.egg-info/SOURCES.txt'
running build
running build_py
creating /home/beable/BCRL/isaac_bcrl/build/joystick_controller/build
creating /home/beable/BCRL/isaac_bcrl/build/joystick_controller/build/lib
creating /home/beable/BCRL/isaac_bcrl/build/joystick_controller/build/lib/joystick_controller
copying joystick_controller/keyboard_joystick.py -> /home/beable/BCRL/isaac_bcrl/build/joystick_controller/build/lib/joystick_controller
copying joystick_controller/joystick_controller.py -> /home/beable/BCRL/isaac_bcrl/build/joystick_controller/build/lib/joystick_controller
copying joystick_controller/__init__.py -> /home/beable/BCRL/isaac_bcrl/build/joystick_controller/build/lib/joystick_controller
running install
running install_lib
creating /home/beable/BCRL/isaac_bcrl/install/joystick_controller/lib/python3.10/site-packages/joystick_controller
copying /home/beable/BCRL/isaac_bcrl/build/joystick_controller/build/lib/joystick_controller/keyboard_joystick.py -> /home/beable/BCRL/isaac_bcrl/install/joystick_controller/lib/python3.10/site-packages/joystick_controller
copying /home/beable/BCRL/isaac_bcrl/build/joystick_controller/build/lib/joystick_controller/joystick_controller.py -> /home/beable/BCRL/isaac_bcrl/install/joystick_controller/lib/python3.10/site-packages/joystick_controller
copying /home/beable/BCRL/isaac_bcrl/build/joystick_controller/build/lib/joystick_controller/__init__.py -> /home/beable/BCRL/isaac_bcrl/install/joystick_controller/lib/python3.10/site-packages/joystick_controller
byte-compiling /home/beable/BCRL/isaac_bcrl/install/joystick_controller/lib/python3.10/site-packages/joystick_controller/keyboard_joystick.py to keyboard_joystick.cpython-310.pyc
byte-compiling /home/beable/BCRL/isaac_bcrl/install/joystick_controller/lib/python3.10/site-packages/joystick_controller/joystick_controller.py to joystick_controller.cpython-310.pyc
byte-compiling /home/beable/BCRL/isaac_bcrl/install/joystick_controller/lib/python3.10/site-packages/joystick_controller/__init__.py to __init__.cpython-310.pyc
running install_data
creating /home/beable/BCRL/isaac_bcrl/install/joystick_controller/share/ament_index
creating /home/beable/BCRL/isaac_bcrl/install/joystick_controller/share/ament_index/resource_index
creating /home/beable/BCRL/isaac_bcrl/install/joystick_controller/share/ament_index/resource_index/packages
copying resource/joystick_controller -> /home/beable/BCRL/isaac_bcrl/install/joystick_controller/share/ament_index/resource_index/packages
copying package.xml -> /home/beable/BCRL/isaac_bcrl/install/joystick_controller/share/joystick_controller
creating /home/beable/BCRL/isaac_bcrl/install/joystick_controller/share/joystick_controller/launch
copying launch/direct_joy_control.launch.py -> /home/beable/BCRL/isaac_bcrl/install/joystick_controller/share/joystick_controller/launch
copying launch/controller_joy_control.launch.py -> /home/beable/BCRL/isaac_bcrl/install/joystick_controller/share/joystick_controller/launch
copying launch/joystick_controller.launch.py -> /home/beable/BCRL/isaac_bcrl/install/joystick_controller/share/joystick_controller/launch
copying launch/keyboard_joy.launch.py -> /home/beable/BCRL/isaac_bcrl/install/joystick_controller/share/joystick_controller/launch
running install_egg_info
Copying ../../../build/joystick_controller/joystick_controller.egg-info to /home/beable/BCRL/isaac_bcrl/install/joystick_controller/lib/python3.10/site-packages/joystick_controller-0.0.1-py3.10.egg-info
running install_scripts
Installing joystick_controller_node script to /home/beable/BCRL/isaac_bcrl/install/joystick_controller/bin
Installing keyboard_joystick script to /home/beable/BCRL/isaac_bcrl/install/joystick_controller/bin
writing list of installed files to '/home/beable/BCRL/isaac_bcrl/build/joystick_controller/install.log'
