running develop
running egg_info
writing joystick_controller.egg-info/PKG-INFO
writing dependency_links to joystick_controller.egg-info/dependency_links.txt
writing entry points to joystick_controller.egg-info/entry_points.txt
writing requirements to joystick_controller.egg-info/requires.txt
writing top-level names to joystick_controller.egg-info/top_level.txt
reading manifest file 'joystick_controller.egg-info/SOURCES.txt'
writing manifest file 'joystick_controller.egg-info/SOURCES.txt'
running build_ext
Creating /home/beable/BCRL/isaac_bcrl/install/joystick_controller/lib/python3.10/site-packages/joystick-controller.egg-link (link to .)
Installing joystick_controller_node script to /home/beable/BCRL/isaac_bcrl/install/joystick_controller/bin
Installing keyboard_joystick script to /home/beable/BCRL/isaac_bcrl/install/joystick_controller/bin

Installed /home/beable/BCRL/isaac_bcrl/build/joystick_controller
running symlink_data
symbolically linking /home/beable/BCRL/isaac_bcrl/build/joystick_controller/resource/joystick_controller -> /home/beable/BCRL/isaac_bcrl/install/joystick_controller/share/ament_index/resource_index/packages
symbolically linking /home/beable/BCRL/isaac_bcrl/build/joystick_controller/package.xml -> /home/beable/BCRL/isaac_bcrl/install/joystick_controller/share/joystick_controller
symbolically linking /home/beable/BCRL/isaac_bcrl/build/joystick_controller/launch/direct_joy_control.launch.py -> /home/beable/BCRL/isaac_bcrl/install/joystick_controller/share/joystick_controller/launch
symbolically linking /home/beable/BCRL/isaac_bcrl/build/joystick_controller/launch/controller_joy_control.launch.py -> /home/beable/BCRL/isaac_bcrl/install/joystick_controller/share/joystick_controller/launch
symbolically linking /home/beable/BCRL/isaac_bcrl/build/joystick_controller/launch/joystick_controller.launch.py -> /home/beable/BCRL/isaac_bcrl/install/joystick_controller/share/joystick_controller/launch
symbolically linking /home/beable/BCRL/isaac_bcrl/build/joystick_controller/launch/keyboard_joy.launch.py -> /home/beable/BCRL/isaac_bcrl/install/joystick_controller/share/joystick_controller/launch
